{"message":"Something failed duing startup.","stack":"Error: Something failed duing startup.\n    at Object.<anonymous> (/home/wayne/Documents/node_scripts/vidly/index.js:30:8)\n    at Module._compile (internal/modules/cjs/loader.js:956:30)\n    at Object.Module._extensions..js (internal/modules/cjs/loader.js:973:10)\n    at Module.load (internal/modules/cjs/loader.js:812:32)\n    at Function.Module._load (internal/modules/cjs/loader.js:724:14)\n    at Function.Module.runMain (internal/modules/cjs/loader.js:1025:10)\n    at internal/main/run_main_module.js:17:11","level":"error","timestamp":"2020-03-26T13:12:14.086Z"}
{"message":"Something failed duing startup.","stack":"Error: Something failed duing startup.\n    at Object.<anonymous> (/home/wayne/Documents/node_scripts/vidly/index.js:30:8)\n    at Module._compile (internal/modules/cjs/loader.js:956:30)\n    at Object.Module._extensions..js (internal/modules/cjs/loader.js:973:10)\n    at Module.load (internal/modules/cjs/loader.js:812:32)\n    at Function.Module._load (internal/modules/cjs/loader.js:724:14)\n    at Function.Module.runMain (internal/modules/cjs/loader.js:1025:10)\n    at internal/main/run_main_module.js:17:11","level":"error","timestamp":"2020-03-26T13:13:50.471Z"}
{"level":"info","message":"Connected to MongoDB...","timestamp":"2020-03-26T13:54:45.874Z"}
{"level":"info","message":"Connected to MongoDB...","timestamp":"2020-03-26T13:54:49.316Z"}
{"level":"info","message":"Connected to MongoDB...","timestamp":"2020-03-26T13:56:14.273Z"}
{"level":"info","message":"Connected to MongoDB...","timestamp":"2020-03-26T13:59:16.568Z"}
{"level":"info","message":"Connected to MongoDB...","timestamp":"2020-03-26T14:00:10.236Z"}
{"level":"info","message":"Connected to MongoDB...","timestamp":"2020-03-26T14:01:10.258Z"}
{"level":"info","message":"Listening on port 3000...","timestamp":"2020-03-29T16:29:41.178Z"}
{"level":"info","message":"Connected to mongodb://localhost/vidly...","timestamp":"2020-03-29T16:29:41.217Z"}
{"level":"info","message":"Listening on port 3000...","timestamp":"2020-03-29T16:30:03.294Z"}
{"level":"info","message":"Connected to mongodb://localhost/vidly...","timestamp":"2020-03-29T16:30:03.361Z"}
{"level":"info","message":"Listening on port 3000...","timestamp":"2020-03-29T16:30:43.743Z"}
{"level":"info","message":"Connected to mongodb://localhost/vidly...","timestamp":"2020-03-29T16:30:43.820Z"}
{"level":"info","message":"Listening on port 3000...","timestamp":"2020-03-29T16:31:10.224Z"}
{"level":"info","message":"Connected to mongodb://localhost/vidly...","timestamp":"2020-03-29T16:31:10.266Z"}
{"level":"info","message":"Listening on port 3000...","timestamp":"2020-03-29T16:31:35.171Z"}
{"level":"info","message":"Connected to mongodb://localhost/vidly...","timestamp":"2020-03-29T16:31:35.207Z"}
{"level":"info","message":"Listening on port 3000...","timestamp":"2020-03-29T16:32:25.079Z"}
{"level":"info","message":"Connected to mongodb://localhost/vidly_tests...","timestamp":"2020-03-29T16:32:25.148Z"}
{"level":"info","message":"Connected to mongodb://localhost/vidly_tests...","timestamp":"2020-03-29T16:32:25.621Z"}
{"level":"info","message":"Listening on port 3000...","timestamp":"2020-03-29T16:32:27.882Z"}
{"level":"info","message":"Listening on port 3000...","timestamp":"2020-03-29T16:32:28.420Z"}
{"level":"info","message":"Connected to mongodb://localhost/vidly_tests...","timestamp":"2020-03-29T16:32:28.429Z"}
{"level":"info","message":"Listening on port 3000...","timestamp":"2020-03-29T16:51:18.209Z"}
{"level":"info","message":"Connected to mongodb://localhost/vidly_tests...","timestamp":"2020-03-29T16:51:18.246Z"}
{"level":"info","message":"Connected to mongodb://localhost/vidly_tests...","timestamp":"2020-03-29T16:51:18.298Z"}
{"level":"info","message":"Listening on port 3000...","timestamp":"2020-03-29T16:51:18.320Z"}
{"level":"info","message":"Listening on port 3000...","timestamp":"2020-03-29T16:51:19.201Z"}
{"level":"info","message":"Connected to mongodb://localhost/vidly_tests...","timestamp":"2020-03-29T16:51:19.215Z"}
{"level":"info","message":"Listening on port 3000...","timestamp":"2020-03-29T16:51:26.187Z"}
{"level":"info","message":"Connected to mongodb://localhost/vidly_tests...","timestamp":"2020-03-29T16:51:26.215Z"}
{"level":"info","message":"Listening on port 3000...","timestamp":"2020-03-29T16:51:26.525Z"}
{"level":"info","message":"Connected to mongodb://localhost/vidly_tests...","timestamp":"2020-03-29T16:51:26.564Z"}
{"level":"info","message":"Listening on port 3000...","timestamp":"2020-03-29T16:51:26.940Z"}
{"level":"info","message":"Connected to mongodb://localhost/vidly_tests...","timestamp":"2020-03-29T16:51:26.952Z"}
{"level":"info","message":"Listening on port 3000...","timestamp":"2020-03-29T16:53:57.040Z"}
{"level":"info","message":"Connected to mongodb://localhost/vidly...","timestamp":"2020-03-29T16:53:57.074Z"}
